<!DOCTYPE html PUBLIC "-//W3C//DTD XHTML 1.1//EN" "http://www.w3.org/TR/xhtml11/DTD/xhtml11.dtd">
<html xmlns="http://www.w3.org/1999/xhtml">
<head>
<meta http-equiv="content-type" content="text/html; charset=UTF-8"/>
<title>TestNG Report</title>
<style type="text/css">table {margin-bottom:10px;border-collapse:collapse;empty-cells:show}th,td {border:1px solid #009;padding:.25em .5em}th {vertical-align:bottom}td {vertical-align:top}table a {font-weight:bold}.stripe td {background-color: #E6EBF9}.num {text-align:right}.passedodd td {background-color: #3F3}.passedeven td {background-color: #0A0}.skippedodd td {background-color: #DDD}.skippedeven td {background-color: #CCC}.failedodd td,.attn {background-color: #F33}.failedeven td,.stripe .attn {background-color: #D00}.stacktrace {white-space:pre;font-family:monospace}.totop {font-size:85%;text-align:center;border-bottom:2px solid #000}.invisible {display:none}</style>
</head>
<body>
<table>
<tr><th>Test</th><th># Passed</th><th># Skipped</th><th># Failed</th><th>Time (ms)</th><th>Included Groups</th><th>Excluded Groups</th></tr>
<tr><th colspan="7">smokeSuite</th></tr>
<tr><td><a href="#t0">Test</a></td><td class="num">5</td><td class="num">0</td><td class="num attn">1</td><td class="num">69,503</td><td>SmokeSuite</td><td></td></tr>
<tr><th colspan="7">allTestSuite</th></tr>
<tr><th colspan="7">regressionSuite</th></tr>
<tr class="stripe"><td><a href="#t1">Test</a></td><td class="num">1</td><td class="num attn">7</td><td class="num attn">1</td><td class="num">39,131</td><td>RegressionSuite</td><td></td></tr>
<tr><th>Total</th><th class="num">6</th><th class="num attn">7</th><th class="num attn">2</th><th class="num">108,634</th><th colspan="2"></th></tr>
</table>
<table id='summary'><thead><tr><th>Class</th><th>Method</th><th>Start</th><th>Time (ms)</th></tr></thead><tbody><tr><th colspan="4">smokeSuite</th></tr></tbody><tbody id="t0"><tr><th colspan="4">Test &#8212; failed</th></tr><tr class="failedeven"><td rowspan="1">com.project.testCases.GroupBasedTest</td><td><a href="#m0">giftPageOperation</a></td><td rowspan="1">1591541565009</td><td rowspan="1">5019</td></tr><tr><th colspan="4">Test &#8212; passed</th></tr><tr class="passedeven"><td rowspan="5">com.project.testCases.GroupBasedTest</td><td><a href="#m1">advanceSearch</a></td><td rowspan="1">1591541576823</td><td rowspan="1">13589</td></tr><tr class="passedeven"><td><a href="#m2">logOutSite</a></td><td rowspan="1">1591541591050</td><td rowspan="1">1993</td></tr><tr class="passedeven"><td><a href="#m3">loginSite</a></td><td rowspan="1">1591541551060</td><td rowspan="1">13459</td></tr><tr class="passedeven"><td><a href="#m4">openURL</a></td><td rowspan="1">1591541541157</td><td rowspan="1">8977</td></tr><tr class="passedeven"><td><a href="#m5">searchProduct</a></td><td rowspan="1">1591541570468</td><td rowspan="1">5263</td></tr></tbody>
<tbody><tr><th colspan="4">allTestSuite</th></tr></tbody><tbody><tr><th colspan="4">regressionSuite</th></tr></tbody><tbody id="t1"><tr><th colspan="4">Test &#8212; failed</th></tr><tr class="failedeven"><td rowspan="1">com.project.testCases.GroupBasedTest</td><td><a href="#m6">loginSite</a></td><td rowspan="1">1591541624785</td><td rowspan="1">6293</td></tr><tr><th colspan="4">Test &#8212; skipped</th></tr><tr class="skippedeven"><td rowspan="7">com.project.testCases.GroupBasedTest</td><td><a href="#m7">checkGiftCard</a></td><td rowspan="1">1591541631432</td><td rowspan="1">0</td></tr><tr class="skippedeven"><td><a href="#m8">logOutSite</a></td><td rowspan="1">1591541631442</td><td rowspan="1">0</td></tr><tr class="skippedeven"><td><a href="#m9">searchProduct</a></td><td rowspan="1">1591541631434</td><td rowspan="1">0</td></tr><tr class="skippedeven"><td><a href="#m10">selectCategory</a></td><td rowspan="1">1591541631435</td><td rowspan="1">0</td></tr><tr class="skippedeven"><td><a href="#m11">selectExcludeOutOfStock</a></td><td rowspan="1">1591541631439</td><td rowspan="1">0</td></tr><tr class="skippedeven"><td><a href="#m12">selectSortBy</a></td><td rowspan="1">1591541631440</td><td rowspan="1">0</td></tr><tr class="skippedeven"><td><a href="#m13">selectStorage</a></td><td rowspan="1">1591541631437</td><td rowspan="1">0</td></tr><tr><th colspan="4">Test &#8212; passed</th></tr><tr class="passedeven"><td rowspan="1">com.project.testCases.GroupBasedTest</td><td><a href="#m14">openURL</a></td><td rowspan="1">1591541610987</td><td rowspan="1">13308</td></tr></tbody>
</table>
<h2>Test</h2><h3 id="m0">com.project.testCases.GroupBasedTest#giftPageOperation</h3><table class="result"><tr><th>Exception</th></tr><tr><td><div class="stacktrace">org.openqa.selenium.ElementNotInteractableException: Element &lt;input id=&quot;ip_2251506436&quot; class=&quot;tDZNG _16Q29&quot; name=&quot;amount_select&quot; type=&quot;number&quot;&gt; is not reachable by keyboard
Build info: version: &apos;3.141.59&apos;, revision: &apos;e82be7d358&apos;, time: &apos;2018-11-14T08:17:03&apos;
System info: host: &apos;AISHWARYA&apos;, ip: &apos;192.168.43.101&apos;, os.name: &apos;Windows 8.1&apos;, os.arch: &apos;amd64&apos;, os.version: &apos;6.3&apos;, java.version: &apos;1.8.0_171&apos;
Driver info: org.openqa.selenium.firefox.FirefoxDriver
Capabilities {acceptInsecureCerts: true, browserName: firefox, browserVersion: 77.0.1, javascriptEnabled: true, moz:accessibilityChecks: false, moz:buildID: 20200602222727, moz:geckodriverVersion: 0.26.0, moz:headless: false, moz:processID: 12784, moz:profile: C:\Users\USER1\AppData\Loca..., moz:shutdownTimeout: 60000, moz:useNonSpecCompliantPointerOrigin: false, moz:webdriverClick: true, pageLoadStrategy: normal, platform: WINDOWS, platformName: WINDOWS, platformVersion: 6.3, rotatable: false, setWindowRect: true, strictFileInteractability: false, timeouts: {implicit: 0, pageLoad: 300000, script: 30000}, unhandledPromptBehavior: dismiss and notify}
Session ID: ebb499b9-f260-4ec5-98bc-61cc110c24c9
	at org.openqa.selenium.remote.http.W3CHttpResponseCodec.createException(W3CHttpResponseCodec.java:187)
	at org.openqa.selenium.remote.http.W3CHttpResponseCodec.decode(W3CHttpResponseCodec.java:122)
	at org.openqa.selenium.remote.http.W3CHttpResponseCodec.decode(W3CHttpResponseCodec.java:49)
	at org.openqa.selenium.remote.HttpCommandExecutor.execute(HttpCommandExecutor.java:158)
	at org.openqa.selenium.remote.service.DriverCommandExecutor.execute(DriverCommandExecutor.java:83)
	at org.openqa.selenium.remote.RemoteWebDriver.execute(RemoteWebDriver.java:552)
	at org.openqa.selenium.remote.RemoteWebElement.execute(RemoteWebElement.java:285)
	at org.openqa.selenium.remote.RemoteWebElement.sendKeys(RemoteWebElement.java:106)
	at com.project.pages.GiftCardPage.customizeGiftCard(GiftCardPage.java:40)
	at com.project.testCases.GroupBasedTest.giftPageOperation(GroupBasedTest.java:59)
... Removed 30 stack frames</div></td></tr></table><p class="totop"><a href="#summary">back to summary</a></p>
<h3 id="m1">com.project.testCases.GroupBasedTest#advanceSearch</h3><table class="result"><tr><th class="invisible"/></tr></table><p class="totop"><a href="#summary">back to summary</a></p>
<h3 id="m2">com.project.testCases.GroupBasedTest#logOutSite</h3><table class="result"><tr><th class="invisible"/></tr></table><p class="totop"><a href="#summary">back to summary</a></p>
<h3 id="m3">com.project.testCases.GroupBasedTest#loginSite</h3><table class="result"><tr><th class="invisible"/></tr></table><p class="totop"><a href="#summary">back to summary</a></p>
<h3 id="m4">com.project.testCases.GroupBasedTest#openURL</h3><table class="result"><tr><th class="invisible"/></tr></table><p class="totop"><a href="#summary">back to summary</a></p>
<h3 id="m5">com.project.testCases.GroupBasedTest#searchProduct</h3><table class="result"><tr><th class="invisible"/></tr></table><p class="totop"><a href="#summary">back to summary</a></p>
<h2>Test</h2><h3 id="m6">com.project.testCases.GroupBasedTest#loginSite</h3><table class="result"><tr><th>Exception</th></tr><tr><td><div class="stacktrace">org.openqa.selenium.ElementClickInterceptedException: Element &lt;span class=&quot;header-icon-link user-profile-icon&quot;&gt; is not clickable at point (1158,79) because another element &lt;div class=&quot;login-message&quot;&gt; obscures it
Build info: version: &apos;3.141.59&apos;, revision: &apos;e82be7d358&apos;, time: &apos;2018-11-14T08:17:03&apos;
System info: host: &apos;AISHWARYA&apos;, ip: &apos;192.168.43.101&apos;, os.name: &apos;Windows 8.1&apos;, os.arch: &apos;amd64&apos;, os.version: &apos;6.3&apos;, java.version: &apos;1.8.0_171&apos;
Driver info: org.openqa.selenium.firefox.FirefoxDriver
Capabilities {acceptInsecureCerts: true, browserName: firefox, browserVersion: 77.0.1, javascriptEnabled: true, moz:accessibilityChecks: false, moz:buildID: 20200602222727, moz:geckodriverVersion: 0.26.0, moz:headless: false, moz:processID: 10208, moz:profile: C:\Users\USER1\AppData\Loca..., moz:shutdownTimeout: 60000, moz:useNonSpecCompliantPointerOrigin: false, moz:webdriverClick: true, pageLoadStrategy: normal, platform: WINDOWS, platformName: WINDOWS, platformVersion: 6.3, rotatable: false, setWindowRect: true, strictFileInteractability: false, timeouts: {implicit: 0, pageLoad: 300000, script: 30000}, unhandledPromptBehavior: dismiss and notify}
Session ID: b0254f8c-52da-4c56-8e86-cd8361186db1
	at org.openqa.selenium.remote.http.W3CHttpResponseCodec.createException(W3CHttpResponseCodec.java:187)
	at org.openqa.selenium.remote.http.W3CHttpResponseCodec.decode(W3CHttpResponseCodec.java:122)
	at org.openqa.selenium.remote.http.W3CHttpResponseCodec.decode(W3CHttpResponseCodec.java:49)
	at org.openqa.selenium.remote.HttpCommandExecutor.execute(HttpCommandExecutor.java:158)
	at org.openqa.selenium.remote.service.DriverCommandExecutor.execute(DriverCommandExecutor.java:83)
	at org.openqa.selenium.remote.RemoteWebDriver.execute(RemoteWebDriver.java:552)
	at org.openqa.selenium.remote.RemoteWebElement.execute(RemoteWebElement.java:285)
	at org.openqa.selenium.remote.RemoteWebElement.click(RemoteWebElement.java:84)
	at com.project.pages.LoginPage.checkLogIn(LoginPage.java:44)
	at com.project.testCases.GroupBasedTest.loginSite(GroupBasedTest.java:50)
... Removed 30 stack frames</div></td></tr></table><p class="totop"><a href="#summary">back to summary</a></p>
<h3 id="m7">com.project.testCases.GroupBasedTest#checkGiftCard</h3><table class="result"><tr><th>Exception</th></tr><tr><td><div class="stacktrace">java.lang.Throwable: Method GroupBasedTest.checkGiftCard()[pri:2, instance:com.project.testCases.GroupBasedTest@4b952a2d] depends on not successfully finished methods
... Removed 19 stack frames</div></td></tr></table><p class="totop"><a href="#summary">back to summary</a></p>
<h3 id="m8">com.project.testCases.GroupBasedTest#logOutSite</h3><table class="result"><tr><th>Exception</th></tr><tr><td><div class="stacktrace">java.lang.Throwable: Method GroupBasedTest.logOutSite()[pri:8, instance:com.project.testCases.GroupBasedTest@4b952a2d] depends on not successfully finished methods
... Removed 19 stack frames</div></td></tr></table><p class="totop"><a href="#summary">back to summary</a></p>
<h3 id="m9">com.project.testCases.GroupBasedTest#searchProduct</h3><table class="result"><tr><th>Exception</th></tr><tr><td><div class="stacktrace">java.lang.Throwable: Method GroupBasedTest.searchProduct()[pri:3, instance:com.project.testCases.GroupBasedTest@4b952a2d] depends on not successfully finished methods
... Removed 19 stack frames</div></td></tr></table><p class="totop"><a href="#summary">back to summary</a></p>
<h3 id="m10">com.project.testCases.GroupBasedTest#selectCategory</h3><table class="result"><tr><th>Exception</th></tr><tr><td><div class="stacktrace">java.lang.Throwable: Method GroupBasedTest.selectCategory()[pri:4, instance:com.project.testCases.GroupBasedTest@4b952a2d] depends on not successfully finished methods
... Removed 19 stack frames</div></td></tr></table><p class="totop"><a href="#summary">back to summary</a></p>
<h3 id="m11">com.project.testCases.GroupBasedTest#selectExcludeOutOfStock</h3><table class="result"><tr><th>Exception</th></tr><tr><td><div class="stacktrace">java.lang.Throwable: Method GroupBasedTest.selectExcludeOutOfStock()[pri:6, instance:com.project.testCases.GroupBasedTest@4b952a2d] depends on not successfully finished methods
... Removed 19 stack frames</div></td></tr></table><p class="totop"><a href="#summary">back to summary</a></p>
<h3 id="m12">com.project.testCases.GroupBasedTest#selectSortBy</h3><table class="result"><tr><th>Exception</th></tr><tr><td><div class="stacktrace">java.lang.Throwable: Method GroupBasedTest.selectSortBy()[pri:7, instance:com.project.testCases.GroupBasedTest@4b952a2d] depends on not successfully finished methods
... Removed 19 stack frames</div></td></tr></table><p class="totop"><a href="#summary">back to summary</a></p>
<h3 id="m13">com.project.testCases.GroupBasedTest#selectStorage</h3><table class="result"><tr><th>Exception</th></tr><tr><td><div class="stacktrace">java.lang.Throwable: Method GroupBasedTest.selectStorage()[pri:5, instance:com.project.testCases.GroupBasedTest@4b952a2d] depends on not successfully finished methods
... Removed 19 stack frames</div></td></tr></table><p class="totop"><a href="#summary">back to summary</a></p>
<h3 id="m14">com.project.testCases.GroupBasedTest#openURL</h3><table class="result"><tr><th class="invisible"/></tr></table><p class="totop"><a href="#summary">back to summary</a></p>
</body>
</html>
