<?xml version="1.0" encoding="UTF-8"?>
<testng-results skipped="7" failed="2" ignored="7" total="22" passed="6">
  <reporter-output>
  </reporter-output>
  <suite name="smokeSuite" duration-ms="69503" started-at="2020-06-07T14:52:14Z" finished-at="2020-06-07T14:53:24Z">
    <groups>
      <group name="RegressionSuite">
        <method signature="GroupBasedTest.loginSite()[pri:1, instance:com.project.testCases.GroupBasedTest@3abbfa04]" name="loginSite" class="com.project.testCases.GroupBasedTest"/>
        <method signature="GroupBasedTest.logOutSite()[pri:8, instance:com.project.testCases.GroupBasedTest@3abbfa04]" name="logOutSite" class="com.project.testCases.GroupBasedTest"/>
        <method signature="GroupBasedTest.searchProduct()[pri:3, instance:com.project.testCases.GroupBasedTest@3abbfa04]" name="searchProduct" class="com.project.testCases.GroupBasedTest"/>
        <method signature="GroupBasedTest.openURL()[pri:0, instance:com.project.testCases.GroupBasedTest@3abbfa04]" name="openURL" class="com.project.testCases.GroupBasedTest"/>
      </group> <!-- RegressionSuite -->
      <group name="SmokeSuite">
        <method signature="GroupBasedTest.loginSite()[pri:1, instance:com.project.testCases.GroupBasedTest@3abbfa04]" name="loginSite" class="com.project.testCases.GroupBasedTest"/>
        <method signature="GroupBasedTest.giftPageOperation()[pri:2, instance:com.project.testCases.GroupBasedTest@3abbfa04]" name="giftPageOperation" class="com.project.testCases.GroupBasedTest"/>
        <method signature="GroupBasedTest.logOutSite()[pri:8, instance:com.project.testCases.GroupBasedTest@3abbfa04]" name="logOutSite" class="com.project.testCases.GroupBasedTest"/>
        <method signature="GroupBasedTest.searchProduct()[pri:3, instance:com.project.testCases.GroupBasedTest@3abbfa04]" name="searchProduct" class="com.project.testCases.GroupBasedTest"/>
        <method signature="GroupBasedTest.advanceSearch()[pri:4, instance:com.project.testCases.GroupBasedTest@3abbfa04]" name="advanceSearch" class="com.project.testCases.GroupBasedTest"/>
        <method signature="GroupBasedTest.openURL()[pri:0, instance:com.project.testCases.GroupBasedTest@3abbfa04]" name="openURL" class="com.project.testCases.GroupBasedTest"/>
      </group> <!-- SmokeSuite -->
    </groups>
    <test name="Test" duration-ms="69503" started-at="2020-06-07T14:52:14Z" finished-at="2020-06-07T14:53:24Z">
      <class name="com.project.testCases.GroupBasedTest">
        <test-method status="PASS" signature="setupSuit()[pri:0, instance:com.project.testCases.GroupBasedTest@3abbfa04]" name="setupSuit" is-config="true" duration-ms="742" started-at="2020-06-07T14:52:13Z" finished-at="2020-06-07T14:52:14Z">
          <reporter-output>
          </reporter-output>
        </test-method> <!-- setupSuit -->
        <test-method status="PASS" signature="setupTest()[pri:0, instance:com.project.testCases.GroupBasedTest@3abbfa04]" name="setupTest" is-config="true" duration-ms="6333" started-at="2020-06-07T14:52:14Z" finished-at="2020-06-07T14:52:21Z">
          <reporter-output>
          </reporter-output>
        </test-method> <!-- setupTest -->
        <test-method status="PASS" signature="testReportSetup()[pri:0, instance:com.project.testCases.GroupBasedTest@3abbfa04]" name="testReportSetup" is-config="true" duration-ms="107" started-at="2020-06-07T14:52:21Z" finished-at="2020-06-07T14:52:21Z">
          <reporter-output>
          </reporter-output>
        </test-method> <!-- testReportSetup -->
        <test-method status="PASS" signature="openURL()[pri:0, instance:com.project.testCases.GroupBasedTest@3abbfa04]" name="openURL" duration-ms="8977" started-at="2020-06-07T14:52:21Z" finished-at="2020-06-07T14:52:30Z">
          <reporter-output>
          </reporter-output>
        </test-method> <!-- openURL -->
        <test-method status="PASS" signature="updateTestCaseStatusAndTakeScreenshot(org.testng.ITestResult)[pri:0, instance:com.project.testCases.GroupBasedTest@3abbfa04]" name="updateTestCaseStatusAndTakeScreenshot" is-config="true" duration-ms="923" started-at="2020-06-07T14:52:30Z" finished-at="2020-06-07T14:52:31Z">
          <params>
            <param index="0">
              <value>
                <![CDATA[[TestResult name=openURL status=SUCCESS method=GroupBasedTest.openURL()[pri:0, instance:com.project.testCases.GroupBasedTest@3abbfa04] output={null}]]]>
              </value>
            </param>
          </params>
          <reporter-output>
          </reporter-output>
        </test-method> <!-- updateTestCaseStatusAndTakeScreenshot -->
        <test-method status="PASS" signature="loginSite()[pri:1, instance:com.project.testCases.GroupBasedTest@3abbfa04]" name="loginSite" duration-ms="13459" started-at="2020-06-07T14:52:31Z" finished-at="2020-06-07T14:52:44Z">
          <reporter-output>
          </reporter-output>
        </test-method> <!-- loginSite -->
        <test-method status="PASS" signature="updateTestCaseStatusAndTakeScreenshot(org.testng.ITestResult)[pri:0, instance:com.project.testCases.GroupBasedTest@3abbfa04]" name="updateTestCaseStatusAndTakeScreenshot" is-config="true" duration-ms="488" started-at="2020-06-07T14:52:44Z" finished-at="2020-06-07T14:52:45Z">
          <params>
            <param index="0">
              <value>
                <![CDATA[[TestResult name=loginSite status=SUCCESS method=GroupBasedTest.loginSite()[pri:1, instance:com.project.testCases.GroupBasedTest@3abbfa04] output={null}]]]>
              </value>
            </param>
          </params>
          <reporter-output>
          </reporter-output>
        </test-method> <!-- updateTestCaseStatusAndTakeScreenshot -->
        <test-method status="FAIL" signature="giftPageOperation()[pri:2, instance:com.project.testCases.GroupBasedTest@3abbfa04]" name="giftPageOperation" duration-ms="5019" started-at="2020-06-07T14:52:45Z" depends-on-methods="com.project.testCases.GroupBasedTest.loginSite" finished-at="2020-06-07T14:52:50Z">
          <exception class="org.openqa.selenium.ElementNotInteractableException">
            <message>
              <![CDATA[Element <input id="ip_2251506436" class="tDZNG _16Q29" name="amount_select" type="number"> is not reachable by keyboard
Build info: version: '3.141.59', revision: 'e82be7d358', time: '2018-11-14T08:17:03'
System info: host: 'AISHWARYA', ip: '192.168.43.101', os.name: 'Windows 8.1', os.arch: 'amd64', os.version: '6.3', java.version: '1.8.0_171'
Driver info: org.openqa.selenium.firefox.FirefoxDriver
Capabilities {acceptInsecureCerts: true, browserName: firefox, browserVersion: 77.0.1, javascriptEnabled: true, moz:accessibilityChecks: false, moz:buildID: 20200602222727, moz:geckodriverVersion: 0.26.0, moz:headless: false, moz:processID: 12784, moz:profile: C:\Users\USER1\AppData\Loca..., moz:shutdownTimeout: 60000, moz:useNonSpecCompliantPointerOrigin: false, moz:webdriverClick: true, pageLoadStrategy: normal, platform: WINDOWS, platformName: WINDOWS, platformVersion: 6.3, rotatable: false, setWindowRect: true, strictFileInteractability: false, timeouts: {implicit: 0, pageLoad: 300000, script: 30000}, unhandledPromptBehavior: dismiss and notify}
Session ID: ebb499b9-f260-4ec5-98bc-61cc110c24c9]]>
            </message>
            <full-stacktrace>
              <![CDATA[org.openqa.selenium.ElementNotInteractableException: Element <input id="ip_2251506436" class="tDZNG _16Q29" name="amount_select" type="number"> is not reachable by keyboard
Build info: version: '3.141.59', revision: 'e82be7d358', time: '2018-11-14T08:17:03'
System info: host: 'AISHWARYA', ip: '192.168.43.101', os.name: 'Windows 8.1', os.arch: 'amd64', os.version: '6.3', java.version: '1.8.0_171'
Driver info: org.openqa.selenium.firefox.FirefoxDriver
Capabilities {acceptInsecureCerts: true, browserName: firefox, browserVersion: 77.0.1, javascriptEnabled: true, moz:accessibilityChecks: false, moz:buildID: 20200602222727, moz:geckodriverVersion: 0.26.0, moz:headless: false, moz:processID: 12784, moz:profile: C:\Users\USER1\AppData\Loca..., moz:shutdownTimeout: 60000, moz:useNonSpecCompliantPointerOrigin: false, moz:webdriverClick: true, pageLoadStrategy: normal, platform: WINDOWS, platformName: WINDOWS, platformVersion: 6.3, rotatable: false, setWindowRect: true, strictFileInteractability: false, timeouts: {implicit: 0, pageLoad: 300000, script: 30000}, unhandledPromptBehavior: dismiss and notify}
Session ID: ebb499b9-f260-4ec5-98bc-61cc110c24c9
at sun.reflect.NativeConstructorAccessorImpl.newInstance0(Native Method)
at sun.reflect.NativeConstructorAccessorImpl.newInstance(Unknown Source)
at sun.reflect.DelegatingConstructorAccessorImpl.newInstance(Unknown Source)
at java.lang.reflect.Constructor.newInstance(Unknown Source)
at org.openqa.selenium.remote.http.W3CHttpResponseCodec.createException(W3CHttpResponseCodec.java:187)
at org.openqa.selenium.remote.http.W3CHttpResponseCodec.decode(W3CHttpResponseCodec.java:122)
at org.openqa.selenium.remote.http.W3CHttpResponseCodec.decode(W3CHttpResponseCodec.java:49)
at org.openqa.selenium.remote.HttpCommandExecutor.execute(HttpCommandExecutor.java:158)
at org.openqa.selenium.remote.service.DriverCommandExecutor.execute(DriverCommandExecutor.java:83)
at org.openqa.selenium.remote.RemoteWebDriver.execute(RemoteWebDriver.java:552)
at org.openqa.selenium.remote.RemoteWebElement.execute(RemoteWebElement.java:285)
at org.openqa.selenium.remote.RemoteWebElement.sendKeys(RemoteWebElement.java:106)
at com.project.pages.GiftCardPage.customizeGiftCard(GiftCardPage.java:40)
at com.project.testCases.GroupBasedTest.giftPageOperation(GroupBasedTest.java:59)
at sun.reflect.NativeMethodAccessorImpl.invoke0(Native Method)
at sun.reflect.NativeMethodAccessorImpl.invoke(Unknown Source)
at sun.reflect.DelegatingMethodAccessorImpl.invoke(Unknown Source)
at java.lang.reflect.Method.invoke(Unknown Source)
at org.testng.internal.MethodInvocationHelper.invokeMethod(MethodInvocationHelper.java:124)
at org.testng.internal.Invoker.invokeMethod(Invoker.java:583)
at org.testng.internal.Invoker.invokeTestMethod(Invoker.java:719)
at org.testng.internal.Invoker.invokeTestMethods(Invoker.java:989)
at org.testng.internal.TestMethodWorker.invokeTestMethods(TestMethodWorker.java:125)
at org.testng.internal.TestMethodWorker.run(TestMethodWorker.java:109)
at org.testng.TestRunner.privateRun(TestRunner.java:648)
at org.testng.TestRunner.run(TestRunner.java:505)
at org.testng.SuiteRunner.runTest(SuiteRunner.java:455)
at org.testng.SuiteRunner.runSequentially(SuiteRunner.java:450)
at org.testng.SuiteRunner.privateRun(SuiteRunner.java:415)
at org.testng.SuiteRunner.run(SuiteRunner.java:364)
at org.testng.SuiteRunnerWorker.runSuite(SuiteRunnerWorker.java:52)
at org.testng.SuiteRunnerWorker.run(SuiteRunnerWorker.java:84)
at org.testng.TestNG.runSuitesSequentially(TestNG.java:1208)
at org.testng.TestNG.runSuitesSequentially(TestNG.java:1204)
at org.testng.TestNG.runSuitesLocally(TestNG.java:1137)
at org.testng.TestNG.runSuites(TestNG.java:1049)
at org.testng.TestNG.run(TestNG.java:1017)
at org.testng.remote.AbstractRemoteTestNG.run(AbstractRemoteTestNG.java:114)
at org.testng.remote.RemoteTestNG.initAndRun(RemoteTestNG.java:251)
at org.testng.remote.RemoteTestNG.main(RemoteTestNG.java:77)
]]>
            </full-stacktrace>
          </exception> <!-- org.openqa.selenium.ElementNotInteractableException -->
          <reporter-output>
          </reporter-output>
        </test-method> <!-- giftPageOperation -->
        <test-method status="PASS" signature="updateTestCaseStatusAndTakeScreenshot(org.testng.ITestResult)[pri:0, instance:com.project.testCases.GroupBasedTest@3abbfa04]" name="updateTestCaseStatusAndTakeScreenshot" is-config="true" duration-ms="435" started-at="2020-06-07T14:52:50Z" finished-at="2020-06-07T14:52:50Z">
          <params>
            <param index="0">
              <value>
                <![CDATA[[TestResult name=giftPageOperation status=FAILURE method=GroupBasedTest.giftPageOperation()[pri:2, instance:com.project.testCases.GroupBasedTest@3abbfa04] output={null}]]]>
              </value>
            </param>
          </params>
          <reporter-output>
          </reporter-output>
        </test-method> <!-- updateTestCaseStatusAndTakeScreenshot -->
        <test-method status="PASS" signature="searchProduct()[pri:3, instance:com.project.testCases.GroupBasedTest@3abbfa04]" name="searchProduct" duration-ms="5263" started-at="2020-06-07T14:52:50Z" depends-on-methods="com.project.testCases.GroupBasedTest.loginSite" finished-at="2020-06-07T14:52:55Z">
          <reporter-output>
          </reporter-output>
        </test-method> <!-- searchProduct -->
        <test-method status="PASS" signature="updateTestCaseStatusAndTakeScreenshot(org.testng.ITestResult)[pri:0, instance:com.project.testCases.GroupBasedTest@3abbfa04]" name="updateTestCaseStatusAndTakeScreenshot" is-config="true" duration-ms="1090" started-at="2020-06-07T14:52:55Z" finished-at="2020-06-07T14:52:56Z">
          <params>
            <param index="0">
              <value>
                <![CDATA[[TestResult name=searchProduct status=SUCCESS method=GroupBasedTest.searchProduct()[pri:3, instance:com.project.testCases.GroupBasedTest@3abbfa04] output={null}]]]>
              </value>
            </param>
          </params>
          <reporter-output>
          </reporter-output>
        </test-method> <!-- updateTestCaseStatusAndTakeScreenshot -->
        <test-method status="PASS" signature="advanceSearch()[pri:4, instance:com.project.testCases.GroupBasedTest@3abbfa04]" name="advanceSearch" duration-ms="13589" started-at="2020-06-07T14:52:56Z" depends-on-methods="com.project.testCases.GroupBasedTest.searchProduct" finished-at="2020-06-07T14:53:10Z">
          <reporter-output>
          </reporter-output>
        </test-method> <!-- advanceSearch -->
        <test-method status="PASS" signature="updateTestCaseStatusAndTakeScreenshot(org.testng.ITestResult)[pri:0, instance:com.project.testCases.GroupBasedTest@3abbfa04]" name="updateTestCaseStatusAndTakeScreenshot" is-config="true" duration-ms="636" started-at="2020-06-07T14:53:10Z" finished-at="2020-06-07T14:53:11Z">
          <params>
            <param index="0">
              <value>
                <![CDATA[[TestResult name=advanceSearch status=SUCCESS method=GroupBasedTest.advanceSearch()[pri:4, instance:com.project.testCases.GroupBasedTest@3abbfa04] output={null}]]]>
              </value>
            </param>
          </params>
          <reporter-output>
          </reporter-output>
        </test-method> <!-- updateTestCaseStatusAndTakeScreenshot -->
        <test-method status="PASS" signature="logOutSite()[pri:8, instance:com.project.testCases.GroupBasedTest@3abbfa04]" name="logOutSite" duration-ms="1993" started-at="2020-06-07T14:53:11Z" depends-on-methods="com.project.testCases.GroupBasedTest.loginSite" finished-at="2020-06-07T14:53:13Z">
          <reporter-output>
          </reporter-output>
        </test-method> <!-- logOutSite -->
        <test-method status="PASS" signature="updateTestCaseStatusAndTakeScreenshot(org.testng.ITestResult)[pri:0, instance:com.project.testCases.GroupBasedTest@3abbfa04]" name="updateTestCaseStatusAndTakeScreenshot" is-config="true" duration-ms="469" started-at="2020-06-07T14:53:13Z" finished-at="2020-06-07T14:53:13Z">
          <params>
            <param index="0">
              <value>
                <![CDATA[[TestResult name=logOutSite status=SUCCESS method=GroupBasedTest.logOutSite()[pri:8, instance:com.project.testCases.GroupBasedTest@3abbfa04] output={null}]]]>
              </value>
            </param>
          </params>
          <reporter-output>
          </reporter-output>
        </test-method> <!-- updateTestCaseStatusAndTakeScreenshot -->
        <test-method status="PASS" signature="displayCollectionAndFlushReport()[pri:0, instance:com.project.testCases.GroupBasedTest@3abbfa04]" name="displayCollectionAndFlushReport" is-config="true" duration-ms="891" started-at="2020-06-07T14:53:13Z" finished-at="2020-06-07T14:53:14Z">
          <reporter-output>
          </reporter-output>
        </test-method> <!-- displayCollectionAndFlushReport -->
        <test-method status="PASS" signature="endTest()[pri:0, instance:com.project.testCases.GroupBasedTest@3abbfa04]" name="endTest" is-config="true" duration-ms="9797" started-at="2020-06-07T14:53:14Z" finished-at="2020-06-07T14:53:24Z">
          <reporter-output>
          </reporter-output>
        </test-method> <!-- endTest -->
      </class> <!-- com.project.testCases.GroupBasedTest -->
    </test> <!-- Test -->
  </suite> <!-- smokeSuite -->
  <suite name="allTestSuite" duration-ms="0" started-at="2020-06-07T14:54:03Z" finished-at="2020-06-07T14:54:03Z">
    <groups>
    </groups>
  </suite> <!-- allTestSuite -->
  <suite name="regressionSuite" duration-ms="39131" started-at="2020-06-07T14:53:24Z" finished-at="2020-06-07T14:54:03Z">
    <groups>
      <group name="RegressionSuite">
        <method signature="GroupBasedTest.loginSite()[pri:1, instance:com.project.testCases.GroupBasedTest@4b952a2d]" name="loginSite" class="com.project.testCases.GroupBasedTest"/>
        <method signature="GroupBasedTest.checkGiftCard()[pri:2, instance:com.project.testCases.GroupBasedTest@4b952a2d]" name="checkGiftCard" class="com.project.testCases.GroupBasedTest"/>
        <method signature="GroupBasedTest.logOutSite()[pri:8, instance:com.project.testCases.GroupBasedTest@4b952a2d]" name="logOutSite" class="com.project.testCases.GroupBasedTest"/>
        <method signature="GroupBasedTest.searchProduct()[pri:3, instance:com.project.testCases.GroupBasedTest@4b952a2d]" name="searchProduct" class="com.project.testCases.GroupBasedTest"/>
        <method signature="GroupBasedTest.selectCategory()[pri:4, instance:com.project.testCases.GroupBasedTest@4b952a2d]" name="selectCategory" class="com.project.testCases.GroupBasedTest"/>
        <method signature="GroupBasedTest.selectExcludeOutOfStock()[pri:6, instance:com.project.testCases.GroupBasedTest@4b952a2d]" name="selectExcludeOutOfStock" class="com.project.testCases.GroupBasedTest"/>
        <method signature="GroupBasedTest.selectSortBy()[pri:7, instance:com.project.testCases.GroupBasedTest@4b952a2d]" name="selectSortBy" class="com.project.testCases.GroupBasedTest"/>
        <method signature="GroupBasedTest.selectStorage()[pri:5, instance:com.project.testCases.GroupBasedTest@4b952a2d]" name="selectStorage" class="com.project.testCases.GroupBasedTest"/>
        <method signature="GroupBasedTest.openURL()[pri:0, instance:com.project.testCases.GroupBasedTest@4b952a2d]" name="openURL" class="com.project.testCases.GroupBasedTest"/>
      </group> <!-- RegressionSuite -->
      <group name="SmokeSuite">
        <method signature="GroupBasedTest.loginSite()[pri:1, instance:com.project.testCases.GroupBasedTest@4b952a2d]" name="loginSite" class="com.project.testCases.GroupBasedTest"/>
        <method signature="GroupBasedTest.logOutSite()[pri:8, instance:com.project.testCases.GroupBasedTest@4b952a2d]" name="logOutSite" class="com.project.testCases.GroupBasedTest"/>
        <method signature="GroupBasedTest.searchProduct()[pri:3, instance:com.project.testCases.GroupBasedTest@4b952a2d]" name="searchProduct" class="com.project.testCases.GroupBasedTest"/>
        <method signature="GroupBasedTest.openURL()[pri:0, instance:com.project.testCases.GroupBasedTest@4b952a2d]" name="openURL" class="com.project.testCases.GroupBasedTest"/>
      </group> <!-- SmokeSuite -->
    </groups>
    <test name="Test" duration-ms="39131" started-at="2020-06-07T14:53:24Z" finished-at="2020-06-07T14:54:03Z">
      <class name="com.project.testCases.GroupBasedTest">
        <test-method status="PASS" signature="setupSuit()[pri:0, instance:com.project.testCases.GroupBasedTest@4b952a2d]" name="setupSuit" is-config="true" duration-ms="65" started-at="2020-06-07T14:53:24Z" finished-at="2020-06-07T14:53:24Z">
          <reporter-output>
          </reporter-output>
        </test-method> <!-- setupSuit -->
        <test-method status="PASS" signature="setupTest()[pri:0, instance:com.project.testCases.GroupBasedTest@4b952a2d]" name="setupTest" is-config="true" duration-ms="6675" started-at="2020-06-07T14:53:24Z" finished-at="2020-06-07T14:53:30Z">
          <reporter-output>
          </reporter-output>
        </test-method> <!-- setupTest -->
        <test-method status="PASS" signature="regressionTestReportSetup()[pri:0, instance:com.project.testCases.GroupBasedTest@4b952a2d]" name="regressionTestReportSetup" is-config="true" duration-ms="3" started-at="2020-06-07T14:53:30Z" finished-at="2020-06-07T14:53:30Z">
          <reporter-output>
          </reporter-output>
        </test-method> <!-- regressionTestReportSetup -->
        <test-method status="PASS" signature="openURL()[pri:0, instance:com.project.testCases.GroupBasedTest@4b952a2d]" name="openURL" duration-ms="13308" started-at="2020-06-07T14:53:30Z" finished-at="2020-06-07T14:53:44Z">
          <reporter-output>
          </reporter-output>
        </test-method> <!-- openURL -->
        <test-method status="PASS" signature="updateTestCaseStatusAndTakeScreenshotRegressionTest(org.testng.ITestResult)[pri:0, instance:com.project.testCases.GroupBasedTest@4b952a2d]" name="updateTestCaseStatusAndTakeScreenshotRegressionTest" is-config="true" duration-ms="487" started-at="2020-06-07T14:53:44Z" finished-at="2020-06-07T14:53:44Z">
          <params>
            <param index="0">
              <value>
                <![CDATA[[TestResult name=openURL status=SUCCESS method=GroupBasedTest.openURL()[pri:0, instance:com.project.testCases.GroupBasedTest@4b952a2d] output={null}]]]>
              </value>
            </param>
          </params>
          <reporter-output>
          </reporter-output>
        </test-method> <!-- updateTestCaseStatusAndTakeScreenshotRegressionTest -->
        <test-method status="FAIL" signature="loginSite()[pri:1, instance:com.project.testCases.GroupBasedTest@4b952a2d]" name="loginSite" duration-ms="6293" started-at="2020-06-07T14:53:44Z" finished-at="2020-06-07T14:53:51Z">
          <exception class="org.openqa.selenium.ElementClickInterceptedException">
            <message>
              <![CDATA[Element <span class="header-icon-link user-profile-icon"> is not clickable at point (1158,79) because another element <div class="login-message"> obscures it
Build info: version: '3.141.59', revision: 'e82be7d358', time: '2018-11-14T08:17:03'
System info: host: 'AISHWARYA', ip: '192.168.43.101', os.name: 'Windows 8.1', os.arch: 'amd64', os.version: '6.3', java.version: '1.8.0_171'
Driver info: org.openqa.selenium.firefox.FirefoxDriver
Capabilities {acceptInsecureCerts: true, browserName: firefox, browserVersion: 77.0.1, javascriptEnabled: true, moz:accessibilityChecks: false, moz:buildID: 20200602222727, moz:geckodriverVersion: 0.26.0, moz:headless: false, moz:processID: 10208, moz:profile: C:\Users\USER1\AppData\Loca..., moz:shutdownTimeout: 60000, moz:useNonSpecCompliantPointerOrigin: false, moz:webdriverClick: true, pageLoadStrategy: normal, platform: WINDOWS, platformName: WINDOWS, platformVersion: 6.3, rotatable: false, setWindowRect: true, strictFileInteractability: false, timeouts: {implicit: 0, pageLoad: 300000, script: 30000}, unhandledPromptBehavior: dismiss and notify}
Session ID: b0254f8c-52da-4c56-8e86-cd8361186db1]]>
            </message>
            <full-stacktrace>
              <![CDATA[org.openqa.selenium.ElementClickInterceptedException: Element <span class="header-icon-link user-profile-icon"> is not clickable at point (1158,79) because another element <div class="login-message"> obscures it
Build info: version: '3.141.59', revision: 'e82be7d358', time: '2018-11-14T08:17:03'
System info: host: 'AISHWARYA', ip: '192.168.43.101', os.name: 'Windows 8.1', os.arch: 'amd64', os.version: '6.3', java.version: '1.8.0_171'
Driver info: org.openqa.selenium.firefox.FirefoxDriver
Capabilities {acceptInsecureCerts: true, browserName: firefox, browserVersion: 77.0.1, javascriptEnabled: true, moz:accessibilityChecks: false, moz:buildID: 20200602222727, moz:geckodriverVersion: 0.26.0, moz:headless: false, moz:processID: 10208, moz:profile: C:\Users\USER1\AppData\Loca..., moz:shutdownTimeout: 60000, moz:useNonSpecCompliantPointerOrigin: false, moz:webdriverClick: true, pageLoadStrategy: normal, platform: WINDOWS, platformName: WINDOWS, platformVersion: 6.3, rotatable: false, setWindowRect: true, strictFileInteractability: false, timeouts: {implicit: 0, pageLoad: 300000, script: 30000}, unhandledPromptBehavior: dismiss and notify}
Session ID: b0254f8c-52da-4c56-8e86-cd8361186db1
at sun.reflect.NativeConstructorAccessorImpl.newInstance0(Native Method)
at sun.reflect.NativeConstructorAccessorImpl.newInstance(Unknown Source)
at sun.reflect.DelegatingConstructorAccessorImpl.newInstance(Unknown Source)
at java.lang.reflect.Constructor.newInstance(Unknown Source)
at org.openqa.selenium.remote.http.W3CHttpResponseCodec.createException(W3CHttpResponseCodec.java:187)
at org.openqa.selenium.remote.http.W3CHttpResponseCodec.decode(W3CHttpResponseCodec.java:122)
at org.openqa.selenium.remote.http.W3CHttpResponseCodec.decode(W3CHttpResponseCodec.java:49)
at org.openqa.selenium.remote.HttpCommandExecutor.execute(HttpCommandExecutor.java:158)
at org.openqa.selenium.remote.service.DriverCommandExecutor.execute(DriverCommandExecutor.java:83)
at org.openqa.selenium.remote.RemoteWebDriver.execute(RemoteWebDriver.java:552)
at org.openqa.selenium.remote.RemoteWebElement.execute(RemoteWebElement.java:285)
at org.openqa.selenium.remote.RemoteWebElement.click(RemoteWebElement.java:84)
at com.project.pages.LoginPage.checkLogIn(LoginPage.java:44)
at com.project.testCases.GroupBasedTest.loginSite(GroupBasedTest.java:50)
at sun.reflect.NativeMethodAccessorImpl.invoke0(Native Method)
at sun.reflect.NativeMethodAccessorImpl.invoke(Unknown Source)
at sun.reflect.DelegatingMethodAccessorImpl.invoke(Unknown Source)
at java.lang.reflect.Method.invoke(Unknown Source)
at org.testng.internal.MethodInvocationHelper.invokeMethod(MethodInvocationHelper.java:124)
at org.testng.internal.Invoker.invokeMethod(Invoker.java:583)
at org.testng.internal.Invoker.invokeTestMethod(Invoker.java:719)
at org.testng.internal.Invoker.invokeTestMethods(Invoker.java:989)
at org.testng.internal.TestMethodWorker.invokeTestMethods(TestMethodWorker.java:125)
at org.testng.internal.TestMethodWorker.run(TestMethodWorker.java:109)
at org.testng.TestRunner.privateRun(TestRunner.java:648)
at org.testng.TestRunner.run(TestRunner.java:505)
at org.testng.SuiteRunner.runTest(SuiteRunner.java:455)
at org.testng.SuiteRunner.runSequentially(SuiteRunner.java:450)
at org.testng.SuiteRunner.privateRun(SuiteRunner.java:415)
at org.testng.SuiteRunner.run(SuiteRunner.java:364)
at org.testng.SuiteRunnerWorker.runSuite(SuiteRunnerWorker.java:52)
at org.testng.SuiteRunnerWorker.run(SuiteRunnerWorker.java:84)
at org.testng.TestNG.runSuitesSequentially(TestNG.java:1208)
at org.testng.TestNG.runSuitesSequentially(TestNG.java:1204)
at org.testng.TestNG.runSuitesLocally(TestNG.java:1137)
at org.testng.TestNG.runSuites(TestNG.java:1049)
at org.testng.TestNG.run(TestNG.java:1017)
at org.testng.remote.AbstractRemoteTestNG.run(AbstractRemoteTestNG.java:114)
at org.testng.remote.RemoteTestNG.initAndRun(RemoteTestNG.java:251)
at org.testng.remote.RemoteTestNG.main(RemoteTestNG.java:77)
]]>
            </full-stacktrace>
          </exception> <!-- org.openqa.selenium.ElementClickInterceptedException -->
          <reporter-output>
          </reporter-output>
        </test-method> <!-- loginSite -->
        <test-method status="PASS" signature="updateTestCaseStatusAndTakeScreenshotRegressionTest(org.testng.ITestResult)[pri:0, instance:com.project.testCases.GroupBasedTest@4b952a2d]" name="updateTestCaseStatusAndTakeScreenshotRegressionTest" is-config="true" duration-ms="350" started-at="2020-06-07T14:53:51Z" finished-at="2020-06-07T14:53:51Z">
          <params>
            <param index="0">
              <value>
                <![CDATA[[TestResult name=loginSite status=FAILURE method=GroupBasedTest.loginSite()[pri:1, instance:com.project.testCases.GroupBasedTest@4b952a2d] output={null}]]]>
              </value>
            </param>
          </params>
          <reporter-output>
          </reporter-output>
        </test-method> <!-- updateTestCaseStatusAndTakeScreenshotRegressionTest -->
        <test-method status="SKIP" signature="checkGiftCard()[pri:2, instance:com.project.testCases.GroupBasedTest@4b952a2d]" name="checkGiftCard" duration-ms="0" started-at="2020-06-07T14:53:51Z" depends-on-methods="com.project.testCases.GroupBasedTest.loginSite" finished-at="2020-06-07T14:53:51Z">
          <exception class="java.lang.Throwable">
            <message>
              <![CDATA[Method GroupBasedTest.checkGiftCard()[pri:2, instance:com.project.testCases.GroupBasedTest@4b952a2d] depends on not successfully finished methods]]>
            </message>
            <full-stacktrace>
              <![CDATA[java.lang.Throwable: Method GroupBasedTest.checkGiftCard()[pri:2, instance:com.project.testCases.GroupBasedTest@4b952a2d] depends on not successfully finished methods
at org.testng.internal.Invoker.invokeTestMethods(Invoker.java:888)
at org.testng.internal.TestMethodWorker.invokeTestMethods(TestMethodWorker.java:125)
at org.testng.internal.TestMethodWorker.run(TestMethodWorker.java:109)
at org.testng.TestRunner.privateRun(TestRunner.java:648)
at org.testng.TestRunner.run(TestRunner.java:505)
at org.testng.SuiteRunner.runTest(SuiteRunner.java:455)
at org.testng.SuiteRunner.runSequentially(SuiteRunner.java:450)
at org.testng.SuiteRunner.privateRun(SuiteRunner.java:415)
at org.testng.SuiteRunner.run(SuiteRunner.java:364)
at org.testng.SuiteRunnerWorker.runSuite(SuiteRunnerWorker.java:52)
at org.testng.SuiteRunnerWorker.run(SuiteRunnerWorker.java:84)
at org.testng.TestNG.runSuitesSequentially(TestNG.java:1208)
at org.testng.TestNG.runSuitesSequentially(TestNG.java:1204)
at org.testng.TestNG.runSuitesLocally(TestNG.java:1137)
at org.testng.TestNG.runSuites(TestNG.java:1049)
at org.testng.TestNG.run(TestNG.java:1017)
at org.testng.remote.AbstractRemoteTestNG.run(AbstractRemoteTestNG.java:114)
at org.testng.remote.RemoteTestNG.initAndRun(RemoteTestNG.java:251)
at org.testng.remote.RemoteTestNG.main(RemoteTestNG.java:77)
]]>
            </full-stacktrace>
          </exception> <!-- java.lang.Throwable -->
          <reporter-output>
          </reporter-output>
        </test-method> <!-- checkGiftCard -->
        <test-method status="SKIP" signature="searchProduct()[pri:3, instance:com.project.testCases.GroupBasedTest@4b952a2d]" name="searchProduct" duration-ms="0" started-at="2020-06-07T14:53:51Z" depends-on-methods="com.project.testCases.GroupBasedTest.loginSite" finished-at="2020-06-07T14:53:51Z">
          <exception class="java.lang.Throwable">
            <message>
              <![CDATA[Method GroupBasedTest.searchProduct()[pri:3, instance:com.project.testCases.GroupBasedTest@4b952a2d] depends on not successfully finished methods]]>
            </message>
            <full-stacktrace>
              <![CDATA[java.lang.Throwable: Method GroupBasedTest.searchProduct()[pri:3, instance:com.project.testCases.GroupBasedTest@4b952a2d] depends on not successfully finished methods
at org.testng.internal.Invoker.invokeTestMethods(Invoker.java:888)
at org.testng.internal.TestMethodWorker.invokeTestMethods(TestMethodWorker.java:125)
at org.testng.internal.TestMethodWorker.run(TestMethodWorker.java:109)
at org.testng.TestRunner.privateRun(TestRunner.java:648)
at org.testng.TestRunner.run(TestRunner.java:505)
at org.testng.SuiteRunner.runTest(SuiteRunner.java:455)
at org.testng.SuiteRunner.runSequentially(SuiteRunner.java:450)
at org.testng.SuiteRunner.privateRun(SuiteRunner.java:415)
at org.testng.SuiteRunner.run(SuiteRunner.java:364)
at org.testng.SuiteRunnerWorker.runSuite(SuiteRunnerWorker.java:52)
at org.testng.SuiteRunnerWorker.run(SuiteRunnerWorker.java:84)
at org.testng.TestNG.runSuitesSequentially(TestNG.java:1208)
at org.testng.TestNG.runSuitesSequentially(TestNG.java:1204)
at org.testng.TestNG.runSuitesLocally(TestNG.java:1137)
at org.testng.TestNG.runSuites(TestNG.java:1049)
at org.testng.TestNG.run(TestNG.java:1017)
at org.testng.remote.AbstractRemoteTestNG.run(AbstractRemoteTestNG.java:114)
at org.testng.remote.RemoteTestNG.initAndRun(RemoteTestNG.java:251)
at org.testng.remote.RemoteTestNG.main(RemoteTestNG.java:77)
]]>
            </full-stacktrace>
          </exception> <!-- java.lang.Throwable -->
          <reporter-output>
          </reporter-output>
        </test-method> <!-- searchProduct -->
        <test-method status="SKIP" signature="selectCategory()[pri:4, instance:com.project.testCases.GroupBasedTest@4b952a2d]" name="selectCategory" duration-ms="0" started-at="2020-06-07T14:53:51Z" depends-on-methods="com.project.testCases.GroupBasedTest.loginSite" finished-at="2020-06-07T14:53:51Z">
          <exception class="java.lang.Throwable">
            <message>
              <![CDATA[Method GroupBasedTest.selectCategory()[pri:4, instance:com.project.testCases.GroupBasedTest@4b952a2d] depends on not successfully finished methods]]>
            </message>
            <full-stacktrace>
              <![CDATA[java.lang.Throwable: Method GroupBasedTest.selectCategory()[pri:4, instance:com.project.testCases.GroupBasedTest@4b952a2d] depends on not successfully finished methods
at org.testng.internal.Invoker.invokeTestMethods(Invoker.java:888)
at org.testng.internal.TestMethodWorker.invokeTestMethods(TestMethodWorker.java:125)
at org.testng.internal.TestMethodWorker.run(TestMethodWorker.java:109)
at org.testng.TestRunner.privateRun(TestRunner.java:648)
at org.testng.TestRunner.run(TestRunner.java:505)
at org.testng.SuiteRunner.runTest(SuiteRunner.java:455)
at org.testng.SuiteRunner.runSequentially(SuiteRunner.java:450)
at org.testng.SuiteRunner.privateRun(SuiteRunner.java:415)
at org.testng.SuiteRunner.run(SuiteRunner.java:364)
at org.testng.SuiteRunnerWorker.runSuite(SuiteRunnerWorker.java:52)
at org.testng.SuiteRunnerWorker.run(SuiteRunnerWorker.java:84)
at org.testng.TestNG.runSuitesSequentially(TestNG.java:1208)
at org.testng.TestNG.runSuitesSequentially(TestNG.java:1204)
at org.testng.TestNG.runSuitesLocally(TestNG.java:1137)
at org.testng.TestNG.runSuites(TestNG.java:1049)
at org.testng.TestNG.run(TestNG.java:1017)
at org.testng.remote.AbstractRemoteTestNG.run(AbstractRemoteTestNG.java:114)
at org.testng.remote.RemoteTestNG.initAndRun(RemoteTestNG.java:251)
at org.testng.remote.RemoteTestNG.main(RemoteTestNG.java:77)
]]>
            </full-stacktrace>
          </exception> <!-- java.lang.Throwable -->
          <reporter-output>
          </reporter-output>
        </test-method> <!-- selectCategory -->
        <test-method status="SKIP" signature="selectStorage()[pri:5, instance:com.project.testCases.GroupBasedTest@4b952a2d]" name="selectStorage" duration-ms="0" started-at="2020-06-07T14:53:51Z" depends-on-methods="com.project.testCases.GroupBasedTest.loginSite" finished-at="2020-06-07T14:53:51Z">
          <exception class="java.lang.Throwable">
            <message>
              <![CDATA[Method GroupBasedTest.selectStorage()[pri:5, instance:com.project.testCases.GroupBasedTest@4b952a2d] depends on not successfully finished methods]]>
            </message>
            <full-stacktrace>
              <![CDATA[java.lang.Throwable: Method GroupBasedTest.selectStorage()[pri:5, instance:com.project.testCases.GroupBasedTest@4b952a2d] depends on not successfully finished methods
at org.testng.internal.Invoker.invokeTestMethods(Invoker.java:888)
at org.testng.internal.TestMethodWorker.invokeTestMethods(TestMethodWorker.java:125)
at org.testng.internal.TestMethodWorker.run(TestMethodWorker.java:109)
at org.testng.TestRunner.privateRun(TestRunner.java:648)
at org.testng.TestRunner.run(TestRunner.java:505)
at org.testng.SuiteRunner.runTest(SuiteRunner.java:455)
at org.testng.SuiteRunner.runSequentially(SuiteRunner.java:450)
at org.testng.SuiteRunner.privateRun(SuiteRunner.java:415)
at org.testng.SuiteRunner.run(SuiteRunner.java:364)
at org.testng.SuiteRunnerWorker.runSuite(SuiteRunnerWorker.java:52)
at org.testng.SuiteRunnerWorker.run(SuiteRunnerWorker.java:84)
at org.testng.TestNG.runSuitesSequentially(TestNG.java:1208)
at org.testng.TestNG.runSuitesSequentially(TestNG.java:1204)
at org.testng.TestNG.runSuitesLocally(TestNG.java:1137)
at org.testng.TestNG.runSuites(TestNG.java:1049)
at org.testng.TestNG.run(TestNG.java:1017)
at org.testng.remote.AbstractRemoteTestNG.run(AbstractRemoteTestNG.java:114)
at org.testng.remote.RemoteTestNG.initAndRun(RemoteTestNG.java:251)
at org.testng.remote.RemoteTestNG.main(RemoteTestNG.java:77)
]]>
            </full-stacktrace>
          </exception> <!-- java.lang.Throwable -->
          <reporter-output>
          </reporter-output>
        </test-method> <!-- selectStorage -->
        <test-method status="SKIP" signature="selectExcludeOutOfStock()[pri:6, instance:com.project.testCases.GroupBasedTest@4b952a2d]" name="selectExcludeOutOfStock" duration-ms="0" started-at="2020-06-07T14:53:51Z" depends-on-methods="com.project.testCases.GroupBasedTest.loginSite" finished-at="2020-06-07T14:53:51Z">
          <exception class="java.lang.Throwable">
            <message>
              <![CDATA[Method GroupBasedTest.selectExcludeOutOfStock()[pri:6, instance:com.project.testCases.GroupBasedTest@4b952a2d] depends on not successfully finished methods]]>
            </message>
            <full-stacktrace>
              <![CDATA[java.lang.Throwable: Method GroupBasedTest.selectExcludeOutOfStock()[pri:6, instance:com.project.testCases.GroupBasedTest@4b952a2d] depends on not successfully finished methods
at org.testng.internal.Invoker.invokeTestMethods(Invoker.java:888)
at org.testng.internal.TestMethodWorker.invokeTestMethods(TestMethodWorker.java:125)
at org.testng.internal.TestMethodWorker.run(TestMethodWorker.java:109)
at org.testng.TestRunner.privateRun(TestRunner.java:648)
at org.testng.TestRunner.run(TestRunner.java:505)
at org.testng.SuiteRunner.runTest(SuiteRunner.java:455)
at org.testng.SuiteRunner.runSequentially(SuiteRunner.java:450)
at org.testng.SuiteRunner.privateRun(SuiteRunner.java:415)
at org.testng.SuiteRunner.run(SuiteRunner.java:364)
at org.testng.SuiteRunnerWorker.runSuite(SuiteRunnerWorker.java:52)
at org.testng.SuiteRunnerWorker.run(SuiteRunnerWorker.java:84)
at org.testng.TestNG.runSuitesSequentially(TestNG.java:1208)
at org.testng.TestNG.runSuitesSequentially(TestNG.java:1204)
at org.testng.TestNG.runSuitesLocally(TestNG.java:1137)
at org.testng.TestNG.runSuites(TestNG.java:1049)
at org.testng.TestNG.run(TestNG.java:1017)
at org.testng.remote.AbstractRemoteTestNG.run(AbstractRemoteTestNG.java:114)
at org.testng.remote.RemoteTestNG.initAndRun(RemoteTestNG.java:251)
at org.testng.remote.RemoteTestNG.main(RemoteTestNG.java:77)
]]>
            </full-stacktrace>
          </exception> <!-- java.lang.Throwable -->
          <reporter-output>
          </reporter-output>
        </test-method> <!-- selectExcludeOutOfStock -->
        <test-method status="SKIP" signature="selectSortBy()[pri:7, instance:com.project.testCases.GroupBasedTest@4b952a2d]" name="selectSortBy" duration-ms="0" started-at="2020-06-07T14:53:51Z" depends-on-methods="com.project.testCases.GroupBasedTest.loginSite" finished-at="2020-06-07T14:53:51Z">
          <exception class="java.lang.Throwable">
            <message>
              <![CDATA[Method GroupBasedTest.selectSortBy()[pri:7, instance:com.project.testCases.GroupBasedTest@4b952a2d] depends on not successfully finished methods]]>
            </message>
            <full-stacktrace>
              <![CDATA[java.lang.Throwable: Method GroupBasedTest.selectSortBy()[pri:7, instance:com.project.testCases.GroupBasedTest@4b952a2d] depends on not successfully finished methods
at org.testng.internal.Invoker.invokeTestMethods(Invoker.java:888)
at org.testng.internal.TestMethodWorker.invokeTestMethods(TestMethodWorker.java:125)
at org.testng.internal.TestMethodWorker.run(TestMethodWorker.java:109)
at org.testng.TestRunner.privateRun(TestRunner.java:648)
at org.testng.TestRunner.run(TestRunner.java:505)
at org.testng.SuiteRunner.runTest(SuiteRunner.java:455)
at org.testng.SuiteRunner.runSequentially(SuiteRunner.java:450)
at org.testng.SuiteRunner.privateRun(SuiteRunner.java:415)
at org.testng.SuiteRunner.run(SuiteRunner.java:364)
at org.testng.SuiteRunnerWorker.runSuite(SuiteRunnerWorker.java:52)
at org.testng.SuiteRunnerWorker.run(SuiteRunnerWorker.java:84)
at org.testng.TestNG.runSuitesSequentially(TestNG.java:1208)
at org.testng.TestNG.runSuitesSequentially(TestNG.java:1204)
at org.testng.TestNG.runSuitesLocally(TestNG.java:1137)
at org.testng.TestNG.runSuites(TestNG.java:1049)
at org.testng.TestNG.run(TestNG.java:1017)
at org.testng.remote.AbstractRemoteTestNG.run(AbstractRemoteTestNG.java:114)
at org.testng.remote.RemoteTestNG.initAndRun(RemoteTestNG.java:251)
at org.testng.remote.RemoteTestNG.main(RemoteTestNG.java:77)
]]>
            </full-stacktrace>
          </exception> <!-- java.lang.Throwable -->
          <reporter-output>
          </reporter-output>
        </test-method> <!-- selectSortBy -->
        <test-method status="SKIP" signature="logOutSite()[pri:8, instance:com.project.testCases.GroupBasedTest@4b952a2d]" name="logOutSite" duration-ms="0" started-at="2020-06-07T14:53:51Z" depends-on-methods="com.project.testCases.GroupBasedTest.loginSite" finished-at="2020-06-07T14:53:51Z">
          <exception class="java.lang.Throwable">
            <message>
              <![CDATA[Method GroupBasedTest.logOutSite()[pri:8, instance:com.project.testCases.GroupBasedTest@4b952a2d] depends on not successfully finished methods]]>
            </message>
            <full-stacktrace>
              <![CDATA[java.lang.Throwable: Method GroupBasedTest.logOutSite()[pri:8, instance:com.project.testCases.GroupBasedTest@4b952a2d] depends on not successfully finished methods
at org.testng.internal.Invoker.invokeTestMethods(Invoker.java:888)
at org.testng.internal.TestMethodWorker.invokeTestMethods(TestMethodWorker.java:125)
at org.testng.internal.TestMethodWorker.run(TestMethodWorker.java:109)
at org.testng.TestRunner.privateRun(TestRunner.java:648)
at org.testng.TestRunner.run(TestRunner.java:505)
at org.testng.SuiteRunner.runTest(SuiteRunner.java:455)
at org.testng.SuiteRunner.runSequentially(SuiteRunner.java:450)
at org.testng.SuiteRunner.privateRun(SuiteRunner.java:415)
at org.testng.SuiteRunner.run(SuiteRunner.java:364)
at org.testng.SuiteRunnerWorker.runSuite(SuiteRunnerWorker.java:52)
at org.testng.SuiteRunnerWorker.run(SuiteRunnerWorker.java:84)
at org.testng.TestNG.runSuitesSequentially(TestNG.java:1208)
at org.testng.TestNG.runSuitesSequentially(TestNG.java:1204)
at org.testng.TestNG.runSuitesLocally(TestNG.java:1137)
at org.testng.TestNG.runSuites(TestNG.java:1049)
at org.testng.TestNG.run(TestNG.java:1017)
at org.testng.remote.AbstractRemoteTestNG.run(AbstractRemoteTestNG.java:114)
at org.testng.remote.RemoteTestNG.initAndRun(RemoteTestNG.java:251)
at org.testng.remote.RemoteTestNG.main(RemoteTestNG.java:77)
]]>
            </full-stacktrace>
          </exception> <!-- java.lang.Throwable -->
          <reporter-output>
          </reporter-output>
        </test-method> <!-- logOutSite -->
        <test-method status="PASS" signature="flushReport()[pri:0, instance:com.project.testCases.GroupBasedTest@4b952a2d]" name="flushReport" is-config="true" duration-ms="60" started-at="2020-06-07T14:53:51Z" finished-at="2020-06-07T14:53:51Z">
          <reporter-output>
          </reporter-output>
        </test-method> <!-- flushReport -->
        <test-method status="PASS" signature="endTest()[pri:0, instance:com.project.testCases.GroupBasedTest@4b952a2d]" name="endTest" is-config="true" duration-ms="11922" started-at="2020-06-07T14:53:51Z" finished-at="2020-06-07T14:54:03Z">
          <reporter-output>
          </reporter-output>
        </test-method> <!-- endTest -->
      </class> <!-- com.project.testCases.GroupBasedTest -->
    </test> <!-- Test -->
  </suite> <!-- regressionSuite -->
</testng-results>
